#
# There is insufficient memory for the Java Runtime Environment to continue.
# Native memory allocation (mmap) failed to map 266338304 bytes for Failed to commit area from 0x0000000703a00000 to 0x0000000713800000 of length 266338304.
# Possible reasons:
#   The system is out of physical RAM or swap space
#   The process is running with CompressedOops enabled, and the Java Heap may be blocking the growth of the native heap
# Possible solutions:
#   Reduce memory load on the system
#   Increase physical memory or swap space
#   Check if swap backing store is full
#   Decrease Java heap size (-Xmx/-Xms)
#   Decrease number of Java threads
#   Decrease Java thread stack sizes (-Xss)
#   Set larger code cache with -XX:ReservedCodeCacheSize=
# This output file may be truncated or incomplete.
#
#  Out of Memory Error (./src/hotspot/os/windows/os_windows.cpp:3301), pid=3212, tid=11728
#
# JRE version:  (11.0.11+9) (build )
# Java VM: OpenJDK 64-Bit Server VM (11.0.11+9-b60-7590822, mixed mode, sharing, tiered, compressed oops, g1 gc, windows-amd64)
# No core dump will be written. Minidumps are not enabled by default on client versions of Windows
#

---------------  S U M M A R Y ------------

Command Line: org.jetbrains.git4idea.http.GitAskPassApp Username for 'https://github.com': 

Host: Intel(R) Core(TM) i7-1065G7 CPU @ 1.30GHz, 8 cores, 15G,  Windows 10 , 64 bit Build 22000 (10.0.22000.434)
Time: Fri Mar 25 15:54:10 2022 SE Asia Standard Time elapsed time: 0.006253 seconds (0d 0h 0m 0s)

---------------  T H R E A D  ---------------

Current thread (0x000001b53de4f000):  JavaThread "Unknown thread" [_thread_in_vm, id=11728, stack(0x0000001586e00000,0x0000001586f00000)]

Stack: [0x0000001586e00000,0x0000001586f00000]
Native frames: (J=compiled Java code, j=interpreted, Vv=VM code, C=native code)
V  [jvm.dll+0x5f214a]
V  [jvm.dll+0x726fb5]
V  [jvm.dll+0x7285cd]
V  [jvm.dll+0x728c83]
V  [jvm.dll+0x243278]
V  [jvm.dll+0x5ef544]
V  [jvm.dll+0x5e4495]
V  [jvm.dll+0x2fec5b]
V  [jvm.dll+0x2febca]
V  [jvm.dll+0x2feaa2]
V  [jvm.dll+0x303986]
V  [jvm.dll+0x34c3a3]
V  [jvm.dll+0x34caa6]
V  [jvm.dll+0x34c4a3]
V  [jvm.dll+0x2d9688]
V  [jvm.dll+0x2da837]
V  [jvm.dll+0x705ba7]
V  [jvm.dll+0x70739c]
V  [jvm.dll+0x3598f9]
V  [jvm.dll+0x6e931e]
V  [jvm.dll+0x3c1c43]
V  [jvm.dll+0x3c3e81]
C  [jli.dll+0x5373]
C  [ucrtbase.dll+0x26c0c]
C  [KERNEL32.DLL+0x154e0]
C  [ntdll.dll+0x485b]


---------------  P R O C E S S  ---------------

Threads class SMR info:
_java_thread_list=0x000001b53bb54800, length=0, elements={
}

Java Threads: ( => current thread )

Other Threads:
  0x000001b53de65800 GCTaskThread "GC Thread#0" [stack: 0x0000001586f00000,0x0000001587000000] [id=8852]
  0x000001b53dec3800 ConcurrentGCThread "G1 Main Marker" [stack: 0x0000001587000000,0x0000001587100000] [id=13476]
  0x000001b53dec6000 ConcurrentGCThread "G1 Conc#0" [stack: 0x0000001587100000,0x0000001587200000] [id=7352]

[error occurred during error reporting (printing all threads), id 0xc0000005, EXCEPTION_ACCESS_VIOLATION (0xc0000005) at pc=0x00007ffbaca09c47]

VM state:not at safepoint (not fully initialized)

VM Mutex/Monitor currently owned by a thread:  ([mutex/lock_event])
[0x000001b53de4d2a0] Heap_lock - owner thread: 0x000001b53de4f000

Heap address: 0x0000000703a00000, size: 4038 MB, Compressed Oops mode: Non-zero based: 0x0000000703a00000
Narrow klass base: 0x0000000000000000, Narrow klass shift: 0

GC Heap History (0 events):
No events

Deoptimization events (0 events):
No events

Classes redefined (0 events):
No events

Internal exceptions (0 events):
No events

Events (1 events):
Event: 0.004 Loaded shared library D:\Android Studio\jre\bin\zip.dll


Dynamic libraries:
0x00007ff6f3720000 - 0x00007ff6f372a000 	D:\Android Studio\jre\bin\java.exe
0x00007ffbe7f20000 - 0x00007ffbe8129000 	C:\WINDOWS\SYSTEM32\ntdll.dll
0x00007ffbe7500000 - 0x00007ffbe75bd000 	C:\WINDOWS\System32\KERNEL32.DLL
0x00007ffbe57d0000 - 0x00007ffbe5b44000 	C:\WINDOWS\System32\KERNELBASE.dll
0x00007ffbe5480000 - 0x00007ffbe5591000 	C:\WINDOWS\System32\ucrtbase.dll
0x00007ffbdf1e0000 - 0x00007ffbdf1f9000 	D:\Android Studio\jre\bin\jli.dll
0x00007ffbd6760000 - 0x00007ffbd6777000 	D:\Android Studio\jre\bin\VCRUNTIME140.dll
0x00007ffbe7b60000 - 0x00007ffbe7d0c000 	C:\WINDOWS\System32\USER32.dll
0x00007ffbe5d10000 - 0x00007ffbe5d36000 	C:\WINDOWS\System32\win32u.dll
0x00007ffbc7e10000 - 0x00007ffbc80b5000 	C:\WINDOWS\WinSxS\amd64_microsoft.windows.common-controls_6595b64144ccf1df_6.0.22000.120_none_9d947278b86cc467\COMCTL32.dll
0x00007ffbe5e30000 - 0x00007ffbe5e59000 	C:\WINDOWS\System32\GDI32.dll
0x00007ffbe7d10000 - 0x00007ffbe7db3000 	C:\WINDOWS\System32\msvcrt.dll
0x00007ffbe5bf0000 - 0x00007ffbe5d02000 	C:\WINDOWS\System32\gdi32full.dll
0x00007ffbe5b50000 - 0x00007ffbe5bed000 	C:\WINDOWS\System32\msvcp_win.dll
0x00007ffbe7b20000 - 0x00007ffbe7b51000 	C:\WINDOWS\System32\IMM32.DLL
0x00007ffbb6150000 - 0x00007ffbb61ed000 	D:\Android Studio\jre\bin\msvcp140.dll
0x00007ffbac720000 - 0x00007ffbad1f5000 	D:\Android Studio\jre\bin\server\jvm.dll
0x00007ffbe7e30000 - 0x00007ffbe7ede000 	C:\WINDOWS\System32\ADVAPI32.dll
0x00007ffbe6b70000 - 0x00007ffbe6c0e000 	C:\WINDOWS\System32\sechost.dll
0x00007ffbe7760000 - 0x00007ffbe7880000 	C:\WINDOWS\System32\RPCRT4.dll
0x00007ffbe6d20000 - 0x00007ffbe6d28000 	C:\WINDOWS\System32\PSAPI.DLL
0x00007ffbe14f0000 - 0x00007ffbe14f9000 	C:\WINDOWS\SYSTEM32\WSOCK32.dll
0x00007ffbddb10000 - 0x00007ffbddb1a000 	C:\WINDOWS\SYSTEM32\VERSION.dll
0x00007ffbe5dc0000 - 0x00007ffbe5e2f000 	C:\WINDOWS\System32\WS2_32.dll
0x00007ffbe2ff0000 - 0x00007ffbe3023000 	C:\WINDOWS\SYSTEM32\WINMM.dll
0x00007ffbe4600000 - 0x00007ffbe4618000 	C:\WINDOWS\SYSTEM32\kernel.appcore.dll
0x00007ffbde780000 - 0x00007ffbde791000 	D:\Android Studio\jre\bin\verify.dll
0x00007ffbe2dc0000 - 0x00007ffbe2fe1000 	C:\WINDOWS\SYSTEM32\DBGHELP.DLL
0x00007ffbe2d60000 - 0x00007ffbe2d91000 	C:\WINDOWS\SYSTEM32\dbgcore.DLL
0x00007ffbe5d40000 - 0x00007ffbe5dbf000 	C:\WINDOWS\System32\bcryptPrimitives.dll
0x00007ffbdb600000 - 0x00007ffbdb629000 	D:\Android Studio\jre\bin\java.dll
0x00007ffbdfcc0000 - 0x00007ffbdfccb000 	D:\Android Studio\jre\bin\jimage.dll
0x00007ffbdb4f0000 - 0x00007ffbdb508000 	D:\Android Studio\jre\bin\zip.dll

dbghelp: loaded successfully - version: 4.0.5 - missing functions: none
symbol engine: initialized successfully - sym options: 0x614 - pdb path: .;D:\Android Studio\jre\bin;C:\WINDOWS\SYSTEM32;C:\WINDOWS\WinSxS\amd64_microsoft.windows.common-controls_6595b64144ccf1df_6.0.22000.120_none_9d947278b86cc467;D:\Android Studio\jre\bin\server

VM Arguments:
java_command: org.jetbrains.git4idea.http.GitAskPassApp Username for 'https://github.com': 
java_class_path (initial): D:/Android Studio/plugins/git4idea/lib/git4idea-rt.jar;D:/Android Studio/lib/xmlrpc-2.0.1.jar;D:/Android Studio/lib/commons-codec-1.15.jar
Launcher Type: SUN_STANDARD

[Global flags]
     intx CICompilerCount                          = 4                                         {product} {ergonomic}
     uint ConcGCThreads                            = 2                                         {product} {ergonomic}
     uint G1ConcRefinementThreads                  = 8                                         {product} {ergonomic}
   size_t G1HeapRegionSize                         = 1048576                                   {product} {ergonomic}
    uintx GCDrainStackTargetSize                   = 64                                        {product} {ergonomic}
   size_t InitialHeapSize                          = 266338304                                 {product} {ergonomic}
   size_t MarkStackSize                            = 4194304                                   {product} {ergonomic}
   size_t MaxHeapSize                              = 4234149888                                {product} {ergonomic}
   size_t MinHeapDeltaBytes                        = 1048576                                   {product} {ergonomic}
    uintx NonNMethodCodeHeapSize                   = 5836300                                {pd product} {ergonomic}
    uintx NonProfiledCodeHeapSize                  = 122910970                              {pd product} {ergonomic}
    uintx ProfiledCodeHeapSize                     = 122910970                              {pd product} {ergonomic}
    uintx ReservedCodeCacheSize                    = 251658240                              {pd product} {ergonomic}
     bool SegmentedCodeCache                       = true                                      {product} {ergonomic}
     bool UseCompressedClassPointers               = true                                 {lp64_product} {ergonomic}
     bool UseCompressedOops                        = true                                 {lp64_product} {ergonomic}
     bool UseG1GC                                  = true                                      {product} {ergonomic}
     bool UseLargePagesIndividualAllocation        = false                                  {pd product} {ergonomic}

Logging:
Log output configuration:
 #0: stdout all=warning uptime,level,tags
 #1: stderr all=off uptime,level,tags

Environment Variables:
PATH=D:\Git\mingw64\libexec\git-core;D:\Git\mingw64\libexec\git-core;D:\Git\mingw64\bin;D:\Git\usr\bin;C:\Users\Admin\bin;D:\Scripts;D:\;C:\Program Files\Common Files\Oracle\Java\javapath;C:\Windows\system32;C:\Windows;C:\Windows\System32\Wbem;C:\Windows\System32\WindowsPowerShell\v1.0;C:\Windows\System32\OpenSSH;C:\Program Files (x86)\NVIDIA Corporation\PhysX\Common;C:\Windows\system3;C:\Windows;.;D:\MinGW\mingw64\bin;%MinGW%;D:\CodeBlocks\MinGW\bin;C:\WINDOWS\system32;C:\WINDOWS;C:\WINDOWS\System32\Wbem;C:\WINDOWS\System32\WindowsPowerShell\v1.0;C:\WINDOWS\System32\OpenSSH;D:\Git\cmd;C:\Users\Admin\AppData\Local\Microsoft\WindowsApps;C:\Program Files\JetBrains\IntelliJ IDEA Community Edition 2021.1.3\bin;C:\Program Files\Azure Data Studio\bin;D:\python install\PyCharm Community Edition 2021.3.2\bin
USERNAME=Admin
DISPLAY=:0.0
LC_ALL=en_US.UTF-8
OS=Windows_NT
PROCESSOR_IDENTIFIER=Intel64 Family 6 Model 126 Stepping 5, GenuineIntel



---------------  S Y S T E M  ---------------

OS: Windows 10 , 64 bit Build 22000 (10.0.22000.434)
OS uptime: 1 days 18:32 hours

CPU:total 8 (initial active 8) (4 cores per cpu, 2 threads per core) family 6 model 126 stepping 5 microcode 0xa6, cmov, cx8, fxsr, mmx, sse, sse2, sse3, ssse3, sse4.1, sse4.2, popcnt, avx, avx2, aes, clmul, erms, 3dnowpref, lzcnt, ht, tsc, tscinvbit, bmi1, bmi2, adx, evex, sha, fma

Memory: 4k page, system-wide physical 16151M (2347M free)
TotalPageFile size 19691M (AvailPageFile size 170M)
current process WorkingSet (physical memory assigned to process): 10M, peak: 10M
current process commit charge ("private bytes"): 60M, peak: 314M

vm_info: OpenJDK 64-Bit Server VM (11.0.11+9-b60-7590822) for windows-amd64 JRE (11.0.11+9-b60-7590822), built on Jul 29 2021 21:43:44 by "builder" with MS VC++ 14.0 (VS2015)

END.
